<?xml version="1.0" encoding="UTF-8"?>
<testng-results ignored="0" total="2" passed="2" failed="0" skipped="0">
  <reporter-output>
  </reporter-output>
  <suite started-at="2024-12-01T23:09:52 IST" name="Suite" finished-at="2024-12-01T23:10:03 IST" duration-ms="11464">
    <groups>
    </groups>
    <test started-at="2024-12-01T23:09:52 IST" name="Test" finished-at="2024-12-01T23:10:03 IST" duration-ms="11464">
      <class name="testpackage.LoginTest">
        <test-method is-config="true" signature="setUp()[pri:0, instance:testpackage.LoginTest@72035809]" started-at="2024-12-01T23:09:56 IST" name="setUp" finished-at="2024-12-01T23:10:00 IST" duration-ms="3612" status="PASS">
          <reporter-output>
          </reporter-output>
        </test-method> <!-- setUp -->
        <test-method signature="loginTest()[pri:0, instance:testpackage.LoginTest@72035809]" started-at="2024-12-01T23:10:00 IST" name="loginTest" finished-at="2024-12-01T23:10:02 IST" duration-ms="1771" status="PASS">
          <reporter-output>
          </reporter-output>
        </test-method> <!-- loginTest -->
      </class> <!-- testpackage.LoginTest -->
      <class name="testpackage.RegisterTest">
        <test-method is-config="true" signature="setUp()[pri:0, instance:testpackage.RegisterTest@68c9133c]" started-at="2024-12-01T23:09:52 IST" name="setUp" finished-at="2024-12-01T23:09:56 IST" duration-ms="4322" status="PASS">
          <reporter-output>
          </reporter-output>
        </test-method> <!-- setUp -->
        <test-method signature="registerBlazedDemo()[pri:0, instance:testpackage.RegisterTest@68c9133c]" started-at="2024-12-01T23:10:02 IST" name="registerBlazedDemo" finished-at="2024-12-01T23:10:03 IST" duration-ms="1650" status="PASS">
          <reporter-output>
          </reporter-output>
        </test-method> <!-- registerBlazedDemo -->
      </class> <!-- testpackage.RegisterTest -->
    </test> <!-- Test -->
  </suite> <!-- Suite -->
</testng-results>
